Determining if the pthread_create exist failed with the following output:
Change Dir: /home/shaine/robot_lifeguard/github/electrical-ros/catkin_ws/build/CMakeFiles/CMakeTmp

Run Build Command:"/usr/bin/make" "cmTC_fd1a4/fast"
/usr/bin/make -f CMakeFiles/cmTC_fd1a4.dir/build.make CMakeFiles/cmTC_fd1a4.dir/build
make[1]: Entering directory '/home/shaine/robot_lifeguard/github/electrical-ros/catkin_ws/build/CMakeFiles/CMakeTmp'
Building C object CMakeFiles/cmTC_fd1a4.dir/CheckSymbolExists.c.o
/usr/bin/cc     -o CMakeFiles/cmTC_fd1a4.dir/CheckSymbolExists.c.o   -c /home/shaine/robot_lifeguard/github/electrical-ros/catkin_ws/build/CMakeFiles/CMakeTmp/CheckSymbolExists.c
Linking C executable cmTC_fd1a4
/usr/bin/cmake -E cmake_link_script CMakeFiles/cmTC_fd1a4.dir/link.txt --verbose=1
/usr/bin/cc       CMakeFiles/cmTC_fd1a4.dir/CheckSymbolExists.c.o  -o cmTC_fd1a4 -rdynamic 
CMakeFiles/cmTC_fd1a4.dir/CheckSymbolExists.c.o: In function `main':
CheckSymbolExists.c:(.text+0x1b): undefined reference to `pthread_create'
collect2: error: ld returned 1 exit status
CMakeFiles/cmTC_fd1a4.dir/build.make:97: recipe for target 'cmTC_fd1a4' failed
make[1]: *** [cmTC_fd1a4] Error 1
make[1]: Leaving directory '/home/shaine/robot_lifeguard/github/electrical-ros/catkin_ws/build/CMakeFiles/CMakeTmp'
Makefile:126: recipe for target 'cmTC_fd1a4/fast' failed
make: *** [cmTC_fd1a4/fast] Error 2

File /home/shaine/robot_lifeguard/github/electrical-ros/catkin_ws/build/CMakeFiles/CMakeTmp/CheckSymbolExists.c:
/* */
#include <pthread.h>

int main(int argc, char** argv)
{
  (void)argv;
#ifndef pthread_create
  return ((int*)(&pthread_create))[argc];
#else
  (void)argc;
  return 0;
#endif
}

Determining if the function pthread_create exists in the pthreads failed with the following output:
Change Dir: /home/shaine/robot_lifeguard/github/electrical-ros/catkin_ws/build/CMakeFiles/CMakeTmp

Run Build Command:"/usr/bin/make" "cmTC_12f19/fast"
/usr/bin/make -f CMakeFiles/cmTC_12f19.dir/build.make CMakeFiles/cmTC_12f19.dir/build
make[1]: Entering directory '/home/shaine/robot_lifeguard/github/electrical-ros/catkin_ws/build/CMakeFiles/CMakeTmp'
Building C object CMakeFiles/cmTC_12f19.dir/CheckFunctionExists.c.o
/usr/bin/cc    -DCHECK_FUNCTION_EXISTS=pthread_create   -o CMakeFiles/cmTC_12f19.dir/CheckFunctionExists.c.o   -c /usr/share/cmake-3.7/Modules/CheckFunctionExists.c
Linking C executable cmTC_12f19
/usr/bin/cmake -E cmake_link_script CMakeFiles/cmTC_12f19.dir/link.txt --verbose=1
/usr/bin/cc   -DCHECK_FUNCTION_EXISTS=pthread_create    CMakeFiles/cmTC_12f19.dir/CheckFunctionExists.c.o  -o cmTC_12f19 -rdynamic -lpthreads 
/usr/bin/ld: cannot find -lpthreads
collect2: error: ld returned 1 exit status
CMakeFiles/cmTC_12f19.dir/build.make:97: recipe for target 'cmTC_12f19' failed
make[1]: *** [cmTC_12f19] Error 1
make[1]: Leaving directory '/home/shaine/robot_lifeguard/github/electrical-ros/catkin_ws/build/CMakeFiles/CMakeTmp'
Makefile:126: recipe for target 'cmTC_12f19/fast' failed
make: *** [cmTC_12f19/fast] Error 2


